<?xml version="1.0" encoding="UTF-8"?>
<gresources>
  <gresource prefix="/org/gtk/libgtk/theme">
    <file>Empty.css</file>
  </gresource>
</gresources>
